12/13/2025 7:30:40 PM: Starting Clipboard Strategy...
12/13/2025 7:30:40 PM: Saved clipboard snapshot - Text: True, Files: 0, Image: False, HTML: False, RTF: False
12/13/2025 7:30:40 PM: Captured: - **MAJOR**: Incompatible API changes.

12/13/2025 7:30:40 PM: Restoring clipboard without history...
12/13/2025 7:30:46 PM: Starting Clipboard Strategy...
12/13/2025 7:30:46 PM: Saved clipboard snapshot - Text: True, Files: 0, Image: False, HTML: False, RTF: False
12/13/2025 7:30:47 PM: Starting Clipboard Strategy...
12/13/2025 7:30:47 PM: Clipboard was empty.
12/13/2025 7:30:47 PM: Restoring clipboard without history...
12/13/2025 7:30:48 PM: Starting Clipboard Strategy...
12/13/2025 7:30:48 PM: Clipboard was empty.
12/13/2025 7:30:48 PM: Clipboard capture failed or was empty.
12/13/2025 7:30:48 PM: Captured: QuickTranslate
12/13/2025 7:30:48 PM: Clearing clipboard without history...
12/13/2025 7:30:48 PM: Captured: QuickTranslate
12/13/2025 7:30:48 PM: Clearing clipboard without history...
12/13/2025 7:30:51 PM: Starting Clipboard Strategy...
12/13/2025 7:30:51 PM: Clipboard was empty.
12/13/2025 7:30:52 PM: Captured: number
12/13/2025 7:30:52 PM: Clearing clipboard without history...
12/13/2025 7:30:54 PM: Starting Clipboard Strategy...
12/13/2025 7:30:54 PM: Clipboard was empty.
12/13/2025 7:30:54 PM: Captured: docs
12/13/2025 7:30:54 PM: Clearing clipboard without history...
12/13/2025 7:30:56 PM: Starting Clipboard Strategy...
12/13/2025 7:30:56 PM: Clipboard was empty.
12/13/2025 7:30:56 PM: Captured: versioning 
12/13/2025 7:30:56 PM: Clearing clipboard without history...
12/13/2025 7:30:59 PM: Starting Clipboard Strategy...
12/13/2025 7:30:59 PM: Clipboard was empty.
12/13/2025 7:30:59 PM: Captured: Versioning 
12/13/2025 7:30:59 PM: Clearing clipboard without history...
12/13/2025 7:31:01 PM: Starting Clipboard Strategy...
12/13/2025 7:31:01 PM: Clipboard was empty.
12/13/2025 7:31:01 PM: Captured: VERSIONING
12/13/2025 7:31:01 PM: Clearing clipboard without history...
12/13/2025 7:31:07 PM: Starting Clipboard Strategy...
12/13/2025 7:31:07 PM: Clipboard was empty.
12/13/2025 7:31:07 PM: Captured: instructions 
12/13/2025 7:31:07 PM: Clearing clipboard without history...
12/13/2025 7:31:09 PM: Starting Clipboard Strategy...
12/13/2025 7:31:09 PM: Clipboard was empty.
12/13/2025 7:31:09 PM: Captured: md
12/13/2025 7:31:09 PM: Clearing clipboard without history...
12/13/2025 7:31:11 PM: Starting Clipboard Strategy...
12/13/2025 7:31:11 PM: Clipboard was empty.
12/13/2025 7:31:56 PM: Starting Clipboard Strategy...
12/13/2025 7:31:56 PM: Saved clipboard snapshot - Text: True, Files: 0, Image: False, HTML: True, RTF: False
12/13/2025 7:31:56 PM: Restoring clipboard without history...
12/13/2025 7:31:56 PM: Clipboard capture failed or was empty.
12/13/2025 7:31:59 PM: Starting Clipboard Strategy...
12/13/2025 7:31:59 PM: Saved clipboard snapshot - Text: True, Files: 0, Image: False, HTML: False, RTF: False
12/13/2025 7:32:00 PM: Captured: Starting
12/13/2025 7:32:00 PM: Restoring clipboard without history...
12/13/2025 7:32:02 PM: Starting Clipboard Strategy...
12/13/2025 7:32:02 PM: Saved clipboard snapshot - Text: True, Files: 0, Image: False, HTML: False, RTF: False
12/13/2025 7:32:02 PM: Captured: Restoring
12/13/2025 7:32:02 PM: Restoring clipboard without history...
12/13/2025 7:32:05 PM: Starting Clipboard Strategy...
12/13/2025 7:32:05 PM: Saved clipboard snapshot - Text: True, Files: 0, Image: False, HTML: False, RTF: False
12/13/2025 7:32:05 PM: Captured: explains 
12/13/2025 7:32:05 PM: Restoring clipboard without history...
12/13/2025 7:32:07 PM: Starting Clipboard Strategy...
12/13/2025 7:32:07 PM: Saved clipboard snapshot - Text: True, Files: 0, Image: False, HTML: False, RTF: False
12/13/2025 7:32:07 PM: Captured: project 
12/13/2025 7:32:07 PM: Restoring clipboard without history...
12/13/2025 7:32:10 PM: Starting Clipboard Strategy...
12/13/2025 7:32:10 PM: Saved clipboard snapshot - Text: True, Files: 0, Image: False, HTML: False, RTF: False
12/13/2025 7:32:10 PM: Captured:  
12/13/2025 7:32:10 PM: Restoring clipboard without history...
12/13/2025 7:32:16 PM: Starting Clipboard Strategy...
12/13/2025 7:32:16 PM: Saved clipboard snapshot - Text: True, Files: 0, Image: False, HTML: False, RTF: False
12/13/2025 7:32:16 PM: Restoring clipboard without history...
12/13/2025 7:32:16 PM: Clipboard capture failed or was empty.
12/13/2025 7:32:18 PM: Starting Clipboard Strategy...
12/13/2025 7:32:18 PM: Saved clipboard snapshot - Text: True, Files: 0, Image: False, HTML: False, RTF: False
12/13/2025 7:32:33 PM: Starting Clipboard Strategy...
12/13/2025 7:32:33 PM: Clipboard was empty.
12/13/2025 7:32:33 PM: Clearing clipboard without history...
12/13/2025 7:32:33 PM: Clipboard capture failed or was empty.
12/13/2025 7:32:35 PM: Starting Clipboard Strategy...
12/13/2025 7:32:35 PM: Clipboard was empty.
12/13/2025 7:32:36 PM: Clearing clipboard without history...
12/13/2025 7:32:36 PM: Clipboard capture failed or was empty.
12/13/2025 7:32:37 PM: Starting Clipboard Strategy...
12/13/2025 7:32:37 PM: Clipboard was empty.
12/13/2025 7:32:38 PM: Clearing clipboard without history...
12/13/2025 7:32:38 PM: Clipboard capture failed or was empty.
12/13/2025 7:32:39 PM: Starting Clipboard Strategy...
12/13/2025 7:32:39 PM: Clipboard was empty.
12/13/2025 7:32:40 PM: Clearing clipboard without history...
12/13/2025 7:32:40 PM: Clipboard capture failed or was empty.
12/13/2025 7:32:41 PM: Starting Clipboard Strategy...
12/13/2025 7:32:41 PM: Clipboard was empty.
12/13/2025 7:32:41 PM: Clearing clipboard without history...
12/13/2025 7:32:41 PM: Clipboard capture failed or was empty.
12/13/2025 7:32:42 PM: Starting Clipboard Strategy...
12/13/2025 7:32:42 PM: Clipboard was empty.
12/13/2025 7:32:43 PM: Clearing clipboard without history...
12/13/2025 7:32:43 PM: Clipboard capture failed or was empty.
12/13/2025 7:32:43 PM: Starting Clipboard Strategy...
12/13/2025 7:32:43 PM: Clipboard was empty.
12/13/2025 7:32:44 PM: Clearing clipboard without history...
12/13/2025 7:32:44 PM: Clipboard capture failed or was empty.
12/13/2025 7:32:46 PM: Starting Clipboard Strategy...
12/13/2025 7:32:46 PM: Clipboard was empty.
12/13/2025 7:32:46 PM: Starting Clipboard Strategy...
12/13/2025 7:32:46 PM: Clipboard was empty.
12/13/2025 7:32:46 PM: Starting Clipboard Strategy...
12/13/2025 7:32:46 PM: Clipboard was empty.
12/13/2025 7:32:47 PM: Clearing clipboard without history...
12/13/2025 7:32:47 PM: Clipboard capture failed or was empty.
12/13/2025 7:32:47 PM: Clearing clipboard without history...
12/13/2025 7:32:47 PM: Clipboard capture failed or was empty.
12/13/2025 7:32:48 PM: Clearing clipboard without history...
12/13/2025 7:32:48 PM: Clipboard capture failed or was empty.
12/13/2025 7:32:48 PM: Starting Clipboard Strategy...
12/13/2025 7:32:48 PM: Clipboard was empty.
12/13/2025 7:32:48 PM: Starting Clipboard Strategy...
12/13/2025 7:32:48 PM: Clipboard was empty.
12/13/2025 7:32:49 PM: Starting Clipboard Strategy...
12/13/2025 7:32:49 PM: Clipboard was empty.
12/13/2025 7:32:49 PM: Clearing clipboard without history...
12/13/2025 7:32:49 PM: Clipboard capture failed or was empty.
12/13/2025 7:32:50 PM: Clearing clipboard without history...
12/13/2025 7:32:50 PM: Clipboard capture failed or was empty.
12/13/2025 7:32:50 PM: Clearing clipboard without history...
12/13/2025 7:32:50 PM: Clipboard capture failed or was empty.
12/13/2025 7:32:54 PM: Starting Clipboard Strategy...
12/13/2025 7:32:54 PM: Clipboard was empty.
12/13/2025 7:32:54 PM: Captured: versioning 
12/13/2025 7:32:54 PM: Clearing clipboard without history...
12/13/2025 7:32:58 PM: Starting Clipboard Strategy...
12/13/2025 7:32:58 PM: Clipboard was empty.
12/13/2025 7:32:59 PM: Clearing clipboard without history...
12/13/2025 7:32:59 PM: Clipboard capture failed or was empty.
12/13/2025 7:33:01 PM: Starting Clipboard Strategy...
12/13/2025 7:33:01 PM: Clipboard was empty.
12/13/2025 7:33:01 PM: Captured: I have created the versioning guide at docs/VERSIONING.md. It explains Semantic Versioning and provides instructions for updating the version in the project file.


12/13/2025 7:33:01 PM: Clearing clipboard without history...
12/13/2025 7:33:15 PM: Starting Clipboard Strategy...
12/13/2025 7:33:15 PM: Clipboard was empty.
12/13/2025 7:33:15 PM: Captured: I have created the versioning guide at docs/VERSIONING.md. It explains Semantic Versioning and provides instructions for updating the version in the project file.


12/13/2025 7:33:15 PM: Clearing clipboard without history...
12/13/2025 7:33:23 PM: Starting Clipboard Strategy...
12/13/2025 7:33:23 PM: Clipboard was empty.
12/13/2025 7:33:24 PM: Clearing clipboard without history...
12/13/2025 7:33:24 PM: Clipboard capture failed or was empty.
12/13/2025 7:33:26 PM: Starting Clipboard Strategy...
12/13/2025 7:33:26 PM: Clipboard was empty.
12/13/2025 8:02:14 PM: Starting Clipboard Strategy...
12/13/2025 8:02:14 PM: Saved clipboard snapshot - Text: False, Files: 0, Image: True, HTML: False, RTF: False
12/13/2025 8:02:14 PM: Captured: access 
12/13/2025 8:02:14 PM: Restoring clipboard without history...
12/13/2025 8:02:17 PM: Starting Clipboard Strategy...
12/13/2025 8:02:17 PM: Saved clipboard snapshot - Text: False, Files: 0, Image: True, HTML: False, RTF: False
12/13/2025 8:02:17 PM: Captured: proper 
12/13/2025 8:02:17 PM: Restoring clipboard without history...
12/13/2025 8:02:20 PM: Starting Clipboard Strategy...
12/13/2025 8:02:20 PM: Saved clipboard snapshot - Text: False, Files: 0, Image: True, HTML: False, RTF: False
12/13/2025 8:02:20 PM: Captured: accessing 
12/13/2025 8:02:20 PM: Restoring clipboard without history...
12/13/2025 8:02:22 PM: Starting Clipboard Strategy...
12/13/2025 8:02:22 PM: Saved clipboard snapshot - Text: False, Files: 0, Image: True, HTML: False, RTF: False
12/13/2025 8:02:22 PM: Captured: application 
12/13/2025 8:02:22 PM: Restoring clipboard without history...
12/13/2025 8:02:24 PM: Starting Clipboard Strategy...
12/13/2025 8:02:24 PM: Saved clipboard snapshot - Text: False, Files: 0, Image: True, HTML: False, RTF: False
12/13/2025 8:02:25 PM: Captured: F1 
12/13/2025 8:02:25 PM: Restoring clipboard without history...
12/13/2025 8:02:28 PM: Starting Clipboard Strategy...
12/13/2025 8:02:28 PM: Saved clipboard snapshot - Text: False, Files: 0, Image: True, HTML: False, RTF: False
12/13/2025 8:02:28 PM: Captured: access 
12/13/2025 8:02:28 PM: Restoring clipboard without history...
12/13/2025 8:02:32 PM: Starting Clipboard Strategy...
12/13/2025 8:02:32 PM: Saved clipboard snapshot - Text: False, Files: 0, Image: True, HTML: False, RTF: False
12/13/2025 8:02:32 PM: Captured: crash
12/13/2025 8:02:32 PM: Restoring clipboard without history...
12/13/2025 8:02:33 PM: Starting Clipboard Strategy...
12/13/2025 8:02:33 PM: Saved clipboard snapshot - Text: False, Files: 0, Image: True, HTML: False, RTF: False
12/13/2025 8:02:33 PM: Captured: crash
12/13/2025 8:02:33 PM: Restoring clipboard without history...
12/13/2025 8:02:34 PM: Starting Clipboard Strategy...
12/13/2025 8:02:34 PM: Saved clipboard snapshot - Text: False, Files: 0, Image: True, HTML: False, RTF: False
12/13/2025 8:02:35 PM: Captured: crash
12/13/2025 8:02:35 PM: Restoring clipboard without history...
12/13/2025 8:02:35 PM: Starting Clipboard Strategy...
12/13/2025 8:02:35 PM: Saved clipboard snapshot - Text: False, Files: 0, Image: True, HTML: False, RTF: False
12/13/2025 8:02:35 PM: Captured: crash
12/13/2025 8:02:35 PM: Restoring clipboard without history...
12/13/2025 8:02:35 PM: Starting Clipboard Strategy...
12/13/2025 8:02:35 PM: Saved clipboard snapshot - Text: False, Files: 0, Image: True, HTML: False, RTF: False
12/13/2025 8:02:36 PM: Captured: crash
12/13/2025 8:02:36 PM: Restoring clipboard without history...
12/13/2025 8:02:36 PM: Starting Clipboard Strategy...
12/13/2025 8:02:36 PM: Saved clipboard snapshot - Text: False, Files: 0, Image: True, HTML: False, RTF: False
12/13/2025 8:02:36 PM: Starting Clipboard Strategy...
12/13/2025 8:02:36 PM: Saved clipboard snapshot - Text: True, Files: 0, Image: False, HTML: True, RTF: False
12/13/2025 8:02:36 PM: Captured: crash
12/13/2025 8:02:36 PM: Restoring clipboard without history...
12/13/2025 8:02:36 PM: Captured: crash
12/13/2025 8:02:36 PM: Restoring clipboard without history...
12/13/2025 8:02:36 PM: Starting Clipboard Strategy...
12/13/2025 8:02:36 PM: Saved clipboard snapshot - Text: True, Files: 0, Image: False, HTML: False, RTF: False
12/13/2025 8:02:36 PM: Captured: crash
12/13/2025 8:02:36 PM: Restoring clipboard without history...
12/13/2025 8:02:36 PM: Starting Clipboard Strategy...
12/13/2025 8:02:36 PM: Saved clipboard snapshot - Text: True, Files: 0, Image: False, HTML: False, RTF: False
12/13/2025 8:02:36 PM: Captured: crash
12/13/2025 8:02:36 PM: Restoring clipboard without history...
12/13/2025 8:02:37 PM: Starting Clipboard Strategy...
12/13/2025 8:02:37 PM: Saved clipboard snapshot - Text: True, Files: 0, Image: False, HTML: False, RTF: False
12/13/2025 8:02:37 PM: Captured: crash
12/13/2025 8:02:37 PM: Restoring clipboard without history...
12/13/2025 8:02:38 PM: Starting Clipboard Strategy...
12/13/2025 8:02:38 PM: Saved clipboard snapshot - Text: True, Files: 0, Image: False, HTML: False, RTF: False
12/13/2025 8:02:38 PM: Captured: crash
12/13/2025 8:02:38 PM: Restoring clipboard without history...
12/13/2025 8:02:38 PM: Starting Clipboard Strategy...
12/13/2025 8:02:38 PM: Saved clipboard snapshot - Text: True, Files: 0, Image: False, HTML: False, RTF: False
12/13/2025 8:02:38 PM: Captured: crash
12/13/2025 8:02:38 PM: Restoring clipboard without history...
12/13/2025 8:02:38 PM: Starting Clipboard Strategy...
12/13/2025 8:02:38 PM: Saved clipboard snapshot - Text: True, Files: 0, Image: False, HTML: False, RTF: False
12/13/2025 8:02:38 PM: Captured: crash
12/13/2025 8:02:38 PM: Restoring clipboard without history...
12/13/2025 8:02:38 PM: Starting Clipboard Strategy...
12/13/2025 8:02:38 PM: Saved clipboard snapshot - Text: True, Files: 0, Image: False, HTML: False, RTF: False
12/13/2025 8:02:38 PM: Captured: crash
12/13/2025 8:02:38 PM: Restoring clipboard without history...
12/13/2025 8:02:38 PM: Starting Clipboard Strategy...
12/13/2025 8:02:38 PM: Saved clipboard snapshot - Text: True, Files: 0, Image: False, HTML: False, RTF: False
12/13/2025 8:02:39 PM: Captured: crash
12/13/2025 8:02:39 PM: Restoring clipboard without history...
12/13/2025 8:02:39 PM: Starting Clipboard Strategy...
12/13/2025 8:02:39 PM: Saved clipboard snapshot - Text: True, Files: 0, Image: False, HTML: False, RTF: False
12/13/2025 8:02:39 PM: Captured: crash
12/13/2025 8:02:39 PM: Restoring clipboard without history...
12/13/2025 8:02:39 PM: Starting Clipboard Strategy...
12/13/2025 8:02:39 PM: Saved clipboard snapshot - Text: True, Files: 0, Image: False, HTML: False, RTF: False
12/13/2025 8:02:39 PM: Starting Clipboard Strategy...
12/13/2025 8:02:39 PM: Saved clipboard snapshot - Text: True, Files: 0, Image: False, HTML: True, RTF: False
12/13/2025 8:02:39 PM: Captured: crash
12/13/2025 8:02:39 PM: Restoring clipboard without history...
12/13/2025 8:02:39 PM: Captured: crash
12/13/2025 8:02:39 PM: Restoring clipboard without history...
12/13/2025 8:02:39 PM: Starting Clipboard Strategy...
12/13/2025 8:02:39 PM: Saved clipboard snapshot - Text: True, Files: 0, Image: False, HTML: False, RTF: False
12/13/2025 8:02:39 PM: Starting Clipboard Strategy...
12/13/2025 8:02:39 PM: Saved clipboard snapshot - Text: True, Files: 0, Image: False, HTML: True, RTF: False
12/13/2025 8:02:39 PM: Captured: crash
12/13/2025 8:02:39 PM: Restoring clipboard without history...
12/13/2025 8:02:40 PM: Starting Clipboard Strategy...
12/13/2025 8:02:40 PM: Saved clipboard snapshot - Text: True, Files: 0, Image: False, HTML: True, RTF: False
12/13/2025 8:02:40 PM: Captured: crash
12/13/2025 8:02:40 PM: Restoring clipboard without history...
12/13/2025 8:02:40 PM: Captured: crash
12/13/2025 8:02:40 PM: Restoring clipboard without history...
12/13/2025 8:02:40 PM: Starting Clipboard Strategy...
12/13/2025 8:02:40 PM: Saved clipboard snapshot - Text: True, Files: 0, Image: False, HTML: False, RTF: False
12/13/2025 8:02:40 PM: Captured: crash
12/13/2025 8:02:40 PM: Restoring clipboard without history...
12/13/2025 8:02:40 PM: Starting Clipboard Strategy...
12/13/2025 8:02:40 PM: Saved clipboard snapshot - Text: True, Files: 0, Image: False, HTML: False, RTF: False
12/13/2025 8:02:40 PM: Captured: crash
12/13/2025 8:02:40 PM: Restoring clipboard without history...
12/13/2025 8:02:40 PM: Starting Clipboard Strategy...
12/13/2025 8:02:40 PM: Saved clipboard snapshot - Text: True, Files: 0, Image: False, HTML: False, RTF: False
12/13/2025 8:02:41 PM: Starting Clipboard Strategy...
12/13/2025 8:02:41 PM: Clipboard was empty.
12/13/2025 8:02:41 PM: Starting Clipboard Strategy...
12/13/2025 8:02:41 PM: Clipboard was empty.
12/13/2025 8:02:41 PM: Restoring clipboard without history...
12/13/2025 8:02:41 PM: Starting Clipboard Strategy...
12/13/2025 8:02:41 PM: Clipboard was empty.
12/13/2025 8:02:41 PM: Starting Clipboard Strategy...
12/13/2025 8:02:41 PM: Clipboard was empty.
12/13/2025 8:02:42 PM: Starting Clipboard Strategy...
12/13/2025 8:02:42 PM: Clipboard was empty.
12/13/2025 8:02:42 PM: Starting Clipboard Strategy...
12/13/2025 8:02:42 PM: Clipboard was empty.
12/13/2025 8:02:42 PM: Clipboard capture failed or was empty.
12/13/2025 8:02:43 PM: Captured: crash
12/13/2025 8:02:43 PM: Clearing clipboard without history...
12/13/2025 8:02:43 PM: Captured: crash
12/13/2025 8:02:43 PM: Clearing clipboard without history...
12/13/2025 8:02:43 PM: Starting Clipboard Strategy...
12/13/2025 8:02:43 PM: Clipboard was empty.
12/13/2025 8:02:43 PM: Clearing clipboard without history...
12/13/2025 8:02:43 PM: Clipboard capture failed or was empty.
12/13/2025 8:02:43 PM: Clearing clipboard without history...
12/13/2025 8:02:43 PM: Clearing clipboard without history...
12/13/2025 8:02:43 PM: Clipboard capture failed or was empty.
12/13/2025 8:02:43 PM: Clipboard capture failed or was empty.
12/13/2025 8:02:43 PM: Captured: crash
12/13/2025 8:02:43 PM: Clearing clipboard without history...
12/13/2025 8:02:43 PM: Starting Clipboard Strategy...
12/13/2025 8:02:43 PM: Clipboard was empty.
12/13/2025 8:02:43 PM: Captured: crash
12/13/2025 8:02:43 PM: Clearing clipboard without history...
12/13/2025 8:02:43 PM: Clearing clipboard without history...
12/13/2025 8:02:43 PM: Clipboard capture failed or was empty.
12/13/2025 8:02:44 PM: Starting Clipboard Strategy...
12/13/2025 8:02:44 PM: Clipboard was empty.
12/13/2025 8:02:44 PM: Captured: crash
12/13/2025 8:02:44 PM: Clearing clipboard without history...
12/13/2025 8:02:44 PM: Starting Clipboard Strategy...
12/13/2025 8:02:44 PM: Clipboard was empty.
12/13/2025 8:02:44 PM: Captured: crash
12/13/2025 8:02:44 PM: Clearing clipboard without history...
12/13/2025 8:02:45 PM: Starting Clipboard Strategy...
12/13/2025 8:02:45 PM: Saved clipboard snapshot - Text: True, Files: 0, Image: False, HTML: True, RTF: False
12/13/2025 8:02:45 PM: Captured: crash
12/13/2025 8:02:45 PM: Restoring clipboard without history...
12/13/2025 8:02:46 PM: Starting Clipboard Strategy...
12/13/2025 8:02:46 PM: Saved clipboard snapshot - Text: True, Files: 0, Image: False, HTML: False, RTF: False
12/13/2025 8:02:46 PM: Captured: crash
12/13/2025 8:02:46 PM: Restoring clipboard without history...
12/13/2025 8:02:46 PM: Starting Clipboard Strategy...
12/13/2025 8:02:46 PM: Saved clipboard snapshot - Text: True, Files: 0, Image: False, HTML: False, RTF: False
12/13/2025 8:02:46 PM: Captured: crash
12/13/2025 8:02:46 PM: Restoring clipboard without history...
12/13/2025 8:02:51 PM: Starting Clipboard Strategy...
12/13/2025 8:02:51 PM: Saved clipboard snapshot - Text: True, Files: 0, Image: False, HTML: False, RTF: False
12/13/2025 8:02:51 PM: Captured: The user reported a crash due to System.Runtime.InteropServices.ExternalException when accessing the clipboard via System.Windows.Forms.Clipboard.ContainsText(). I am investigating the codebase to locate the problematic code and implement a robust retry mechanism.


12/13/2025 8:02:51 PM: Restoring clipboard without history...
12/13/2025 8:02:58 PM: Starting Clipboard Strategy...
12/13/2025 8:02:58 PM: Saved clipboard snapshot - Text: True, Files: 0, Image: False, HTML: False, RTF: False
12/13/2025 8:02:58 PM: Captured: The user reported a crash due to System.Runtime.InteropServices.ExternalException when accessing the clipboard via System.Windows.Forms.Clipboard.ContainsText(). I am investigating the codebase to locate the problematic code and implement a robust retry mechanism.


12/13/2025 8:02:58 PM: Restoring clipboard without history...
12/13/2025 8:28:22 PM: Starting Clipboard Strategy...
12/13/2025 8:28:22 PM: Saved clipboard snapshot - Text: True, Files: 0, Image: False, HTML: False, RTF: False
12/13/2025 8:28:22 PM: Captured: The user reported a crash due to System.Runtime.InteropServices.ExternalException when accessing the clipboard via System.Windows.Forms.Clipboard.ContainsText(). I am investigating the codebase to locate the problematic code and implement a robust retry mechanism.


12/13/2025 8:28:22 PM: Restoring clipboard without history...
12/13/2025 8:28:25 PM: Starting Clipboard Strategy...
12/13/2025 8:28:25 PM: Saved clipboard snapshot - Text: True, Files: 0, Image: False, HTML: False, RTF: False
12/13/2025 8:28:25 PM: Captured: The user reported a crash due to System.Runtime.InteropServices.ExternalException when accessing the clipboard via System.Windows.Forms.Clipboard.ContainsText(). I am investigating the codebase to locate the problematic code and implement a robust retry mechanism.


12/13/2025 8:28:25 PM: Restoring clipboard without history...
12/13/2025 8:28:45 PM: Starting Clipboard Strategy...
12/13/2025 8:28:45 PM: Saved clipboard snapshot - Text: True, Files: 0, Image: False, HTML: False, RTF: False
12/13/2025 8:28:46 PM: Restoring clipboard without history...
12/13/2025 8:28:46 PM: Clipboard capture failed or was empty.
12/13/2025 8:28:59 PM: Starting Clipboard Strategy...
12/13/2025 8:28:59 PM: Saved clipboard snapshot - Text: True, Files: 0, Image: False, HTML: False, RTF: False
12/13/2025 8:29:00 PM: Captured: I've fixed the crash! The issue was caused by the application trying to access the clipboard while it was locked (likely during rapid F1 presses). I've updated the code to safely handle these locks with retries, preventing the application from exiting. You can simply run the app again to verify.


12/13/2025 8:29:00 PM: Restoring clipboard without history...
12/13/2025 8:29:07 PM: Starting Clipboard Strategy...
12/13/2025 8:29:07 PM: Saved clipboard snapshot - Text: True, Files: 0, Image: False, HTML: False, RTF: False
12/13/2025 8:29:07 PM: Captured: The user reported a crash due to System.Runtime.InteropServices.ExternalException when accessing the clipboard via System.Windows.Forms.Clipboard.ContainsText(). I am investigating the codebase to locate the problematic code and implement a robust retry mechanism.


12/13/2025 8:29:07 PM: Restoring clipboard without history...
12/13/2025 8:29:34 PM: Starting Clipboard Strategy...
12/13/2025 8:29:34 PM: Saved clipboard snapshot - Text: True, Files: 0, Image: False, HTML: False, RTF: False
12/13/2025 8:29:34 PM: Captured: I've fixed the crash! The issue was caused by the application trying to access the clipboard while it was locked (likely during rapid F1 presses). I've updated the code to safely handle these locks with retries, preventing the application from exiting. You can simply run the app again to verify.


12/13/2025 8:29:34 PM: Restoring clipboard without history...
12/13/2025 8:29:56 PM: Starting Clipboard Strategy...
12/13/2025 8:29:56 PM: Saved clipboard snapshot - Text: True, Files: 0, Image: False, HTML: False, RTF: False
12/13/2025 8:29:56 PM: Captured: I've fixed the crash! The issue was caused by the application trying to access the clipboard while it was locked (likely during rapid F1 presses). I've updated the code to safely handle these locks with retries, preventing the application from exiting. You can simply run the app again to verify.


12/13/2025 8:29:56 PM: Restoring clipboard without history...
